<?xml version="1.0" encoding="utf-8"?><testsuites name="pytest tests"><testsuite name="pytest" errors="0" failures="0" skipped="0" tests="3" time="6.294" timestamp="2025-06-27T18:30:56.568390+08:00" hostname="legion"><testcase classname="tests.test_architecture" name="test_architecture_is_sound" time="0.000" /><testcase classname="tests.test_augmenter" name="test_augment_prompt" time="0.001" /><testcase classname="tests.test_deployer.TestDeployerStage" name="test_config_loading" time="0.015" /><testcase time="0.017" /></testsuite></testsuites>